<?xml version="1.0" encoding="UTF-8"?>
<!-- Generated by org.testng.reporters.JUnitReportReporter -->
<testsuite skipped="0" hostname="Xiaomi-MiAir" name="fourcats.usecaseinteractor.GenerateBALSuggestionsTest" tests="1" failures="0" timestamp="2020-04-22T12:50:52 CEST" time="0.081" errors="0">
  <testcase name="GenerateBALSuggestionsFromNotExistingFeature" time="0.081" classname="fourcats.usecaseinteractor.GenerateBALSuggestionsTest"/>
  <system-out/>
</testsuite> <!-- fourcats.usecaseinteractor.GenerateBALSuggestionsTest -->
