<?xml version="1.0" encoding="UTF-8"?>
<!-- Generated by org.testng.reporters.JUnitReportReporter -->
<testsuite hostname="Air-di-Edoardo.homenet.telecomitalia.it" failures="0" tests="3" name="fourcats.datastructure.WordCounterTest" time="0.016" errors="0" timestamp="2020-04-13T11:46:15 CEST" skipped="0">
  <testcase classname="fourcats.datastructure.WordCounterTest" name="testToString" time="0.005"/>
  <system-out/>
  <testcase classname="fourcats.datastructure.WordCounterTest" name="testDecrementCounter" time="0.007"/>
  <system-out/>
  <testcase classname="fourcats.datastructure.WordCounterTest" name="testIncrementCounter" time="0.004"/>
  <system-out/>
</testsuite> <!-- fourcats.datastructure.WordCounterTest -->
