<?xml version="1.0" encoding="UTF-8"?>
<!-- Generated by org.testng.reporters.JUnitReportReporter -->
<testsuite hostname="Air-di-Edoardo.homenet.telecomitalia.it" failures="0" tests="3" name="fourcats.usecaseinteractor.GenerateBALTest" time="3.129" errors="0" timestamp="2020-04-13T11:46:15 CEST" skipped="0">
  <testcase classname="fourcats.usecaseinteractor.GenerateBALTest" name="GenerateBALCorrectCreation" time="1.044"/>
  <system-out/>
  <testcase classname="fourcats.usecaseinteractor.GenerateBALTest" name="GenerateBALFromEmptyFilename" time="1.043"/>
  <system-out/>
  <testcase classname="fourcats.usecaseinteractor.GenerateBALTest" name="GenerateBALFromCorrectFilename" time="1.042"/>
  <system-out/>
</testsuite> <!-- fourcats.usecaseinteractor.GenerateBALTest -->
