<?xml version="1.0" encoding="UTF-8"?>
<!-- Generated by org.testng.reporters.JUnitReportReporter -->
<testsuite hostname="Air-di-Edoardo.homenet.telecomitalia.it" failures="0" tests="3" name="fourcats.datastructure.LemmatizerDataTest" time="0.015" errors="0" timestamp="2020-04-13T11:46:15 CEST" skipped="0">
  <testcase classname="fourcats.datastructure.LemmatizerDataTest" name="testToString" time="0.005"/>
  <system-out/>
  <testcase classname="fourcats.datastructure.LemmatizerDataTest" name="getList" time="0.005"/>
  <system-out/>
  <testcase classname="fourcats.datastructure.LemmatizerDataTest" name="addElement" time="0.005"/>
  <system-out/>
</testsuite> <!-- fourcats.datastructure.LemmatizerDataTest -->
