<?xml version="1.0" encoding="UTF-8"?>
<!-- Generated by org.testng.reporters.JUnitReportReporter -->
<testsuite skipped="0" hostname="Xiaomi-MiAir" name="fourcats.usecaseinteractor.DeclineBALSuggestionTest" tests="1" failures="0" timestamp="2020-04-22T12:50:52 CEST" time="1.516" errors="0">
  <testcase name="DeclineSuggestionFromWrongID" time="1.516" classname="fourcats.usecaseinteractor.DeclineBALSuggestionTest"/>
  <system-out/>
</testsuite> <!-- fourcats.usecaseinteractor.DeclineBALSuggestionTest -->
