<?xml version="1.0" encoding="UTF-8"?>
<!-- Generated by org.testng.reporters.JUnitReportReporter -->
<testsuite skipped="0" hostname="Xiaomi-MiAir" name="fourcats.usecaseinteractor.GenerateBALTest" tests="3" failures="0" timestamp="2020-04-18T02:59:07 CEST" time="0.208" errors="0">
  <testcase name="GenerateBALCorrectCreation" time="0.072" classname="fourcats.usecaseinteractor.GenerateBALTest"/>
  <system-out/>
  <testcase name="GenerateBALFromEmptyFilename" time="0.072" classname="fourcats.usecaseinteractor.GenerateBALTest"/>
  <system-out/>
  <testcase name="GenerateBALFromCorrectFilename" time="0.064" classname="fourcats.usecaseinteractor.GenerateBALTest"/>
  <system-out/>
</testsuite> <!-- fourcats.usecaseinteractor.GenerateBALTest -->
