<?xml version="1.0" encoding="UTF-8"?>
<!-- Generated by org.testng.reporters.JUnitReportReporter -->
<testsuite skipped="0" hostname="Xiaomi-MiAir" name="fourcats.AppTest" tests="1" failures="0" timestamp="2020-04-22T12:50:52 CEST" time="0.017" errors="0">
  <testcase name="testApp" time="0.017" classname="fourcats.AppTest"/>
  <system-out/>
</testsuite> <!-- fourcats.AppTest -->
