<?xml version="1.0" encoding="UTF-8"?>
<!-- Generated by org.testng.reporters.JUnitReportReporter -->
<testsuite skipped="0" hostname="Xiaomi-MiAir" name="fourcats.AppTest" tests="1" failures="0" timestamp="2020-04-18T02:59:07 CEST" time="0.016" errors="0">
  <testcase name="testApp" time="0.016" classname="fourcats.AppTest"/>
  <system-out/>
</testsuite> <!-- fourcats.AppTest -->
