<?xml version="1.0" encoding="UTF-8"?>
<!-- Generated by org.testng.reporters.JUnitReportReporter -->
<testsuite hostname="Air-di-Edoardo.homenet.telecomitalia.it" failures="0" tests="1" name="fourcats.AppTest" time="0.019" errors="0" timestamp="2020-04-13T11:46:15 CEST" skipped="0">
  <testcase classname="fourcats.AppTest" name="testApp" time="0.019"/>
  <system-out/>
</testsuite> <!-- fourcats.AppTest -->
