<?xml version="1.0" encoding="UTF-8"?>
<!-- Generated by org.testng.reporters.JUnitReportReporter -->
<testsuite skipped="0" hostname="Xiaomi-MiAir" name="fourcats.usecaseinteractor.GenerateBALSuggestionsTest" tests="1" failures="0" timestamp="2020-04-18T02:59:07 CEST" time="0.057" errors="0">
  <testcase name="GenerateBALSuggestionsFromNotExistingFeature" time="0.057" classname="fourcats.usecaseinteractor.GenerateBALSuggestionsTest"/>
  <system-out/>
</testsuite> <!-- fourcats.usecaseinteractor.GenerateBALSuggestionsTest -->
