<?xml version="1.0" encoding="UTF-8"?>
<!-- Generated by org.testng.reporters.JUnitReportReporter -->
<testsuite skipped="0" hostname="Xiaomi-MiAir" name="fourcats.datastructure.LemmatizerDataTest" tests="3" failures="0" timestamp="2020-04-18T02:59:07 CEST" time="0.032" errors="0">
  <testcase name="testToString" time="0.016" classname="fourcats.datastructure.LemmatizerDataTest"/>
  <system-out/>
  <testcase name="getList" time="0.008" classname="fourcats.datastructure.LemmatizerDataTest"/>
  <system-out/>
  <testcase name="addElement" time="0.008" classname="fourcats.datastructure.LemmatizerDataTest"/>
  <system-out/>
</testsuite> <!-- fourcats.datastructure.LemmatizerDataTest -->
