<?xml version="1.0" encoding="UTF-8"?>
<!-- Generated by org.testng.reporters.JUnitReportReporter -->
<testsuite skipped="0" hostname="Xiaomi-MiAir" name="fourcats.usecaseinteractor.GenerateBALTest" tests="3" failures="0" timestamp="2020-04-22T12:50:52 CEST" time="0.201" errors="0">
  <testcase name="GenerateBALFromCorrectFilename" time="0.066" classname="fourcats.usecaseinteractor.GenerateBALTest"/>
  <system-out/>
  <testcase name="GenerateBALCorrectCreation" time="0.068" classname="fourcats.usecaseinteractor.GenerateBALTest"/>
  <system-out/>
  <testcase name="GenerateBALFromEmptyFilename" time="0.067" classname="fourcats.usecaseinteractor.GenerateBALTest"/>
  <system-out/>
</testsuite> <!-- fourcats.usecaseinteractor.GenerateBALTest -->
