<?xml version="1.0" encoding="UTF-8"?>
<!-- Generated by org.testng.reporters.JUnitReportReporter -->
<testsuite hostname="Air-di-Edoardo.homenet.telecomitalia.it" failures="0" tests="1" name="fourcats.datastructure.WordTagTest" time="0.001" errors="0" timestamp="2020-04-13T11:46:15 CEST" skipped="0">
  <testcase classname="fourcats.datastructure.WordTagTest" name="testToString" time="0.001"/>
  <system-out/>
</testsuite> <!-- fourcats.datastructure.WordTagTest -->
