<?xml version="1.0" encoding="UTF-8"?>
<!-- Generated by org.testng.reporters.JUnitReportReporter -->
<testsuite skipped="0" hostname="Xiaomi-MiAir" name="fourcats.datastructure.WordCounterTest" tests="3" failures="0" timestamp="2020-04-18T02:59:07 CEST" time="0.016" errors="0">
  <testcase name="testDecrementCounter" time="0.000" classname="fourcats.datastructure.WordCounterTest"/>
  <system-out/>
  <testcase name="testToString" time="0.008" classname="fourcats.datastructure.WordCounterTest"/>
  <system-out/>
  <testcase name="testIncrementCounter" time="0.008" classname="fourcats.datastructure.WordCounterTest"/>
  <system-out/>
</testsuite> <!-- fourcats.datastructure.WordCounterTest -->
