<?xml version="1.0" encoding="UTF-8"?>
<!-- Generated by org.testng.reporters.JUnitReportReporter -->
<testsuite skipped="0" hostname="Xiaomi-MiAir" name="fourcats.datastructure.WordTagTest" tests="1" failures="0" timestamp="2020-04-22T12:50:52 CEST" time="0.032" errors="0">
  <testcase name="testToString" time="0.032" classname="fourcats.datastructure.WordTagTest"/>
  <system-out/>
</testsuite> <!-- fourcats.datastructure.WordTagTest -->
