<?xml version="1.0" encoding="UTF-8"?>
<!-- Generated by org.testng.reporters.JUnitReportReporter -->
<testsuite skipped="0" hostname="Xiaomi-MiAir" name="fourcats.datastructure.WordCounterTest" tests="3" failures="0" timestamp="2020-04-22T12:50:52 CEST" time="0.014" errors="0">
  <testcase name="testToString" time="0.005" classname="fourcats.datastructure.WordCounterTest"/>
  <system-out/>
  <testcase name="testDecrementCounter" time="0.005" classname="fourcats.datastructure.WordCounterTest"/>
  <system-out/>
  <testcase name="testIncrementCounter" time="0.004" classname="fourcats.datastructure.WordCounterTest"/>
  <system-out/>
</testsuite> <!-- fourcats.datastructure.WordCounterTest -->
