<?xml version="1.0" encoding="UTF-8"?>
<!-- Generated by org.testng.reporters.JUnitReportReporter -->
<testsuite skipped="0" hostname="Xiaomi-MiAir" name="fourcats.usecaseinteractor.DeclineBALSuggestionTest" tests="1" failures="0" timestamp="2020-04-18T02:59:07 CEST" time="1.143" errors="0">
  <testcase name="DeclineSuggestionFromWrongID" time="1.143" classname="fourcats.usecaseinteractor.DeclineBALSuggestionTest"/>
  <system-out/>
</testsuite> <!-- fourcats.usecaseinteractor.DeclineBALSuggestionTest -->
