<?xml version="1.0" encoding="UTF-8"?>
<!-- Generated by org.testng.reporters.JUnitReportReporter -->
<testsuite skipped="0" hostname="LAPTOP-FKRVQ3CH" name="fourcats.usecaseinteractor.GenerateApiTest" tests="2" failures="0" timestamp="2020-05-05T17:21:45 CEST" time="0.023" errors="0">
  <testcase name="GenerateAPITestCorrectCreation" time="0.011" classname="fourcats.usecaseinteractor.GenerateApiTest"/>
  <system-out/>
  <testcase name="generateAPI" time="0.012" classname="fourcats.usecaseinteractor.GenerateApiTest"/>
  <system-out/>
</testsuite> <!-- fourcats.usecaseinteractor.GenerateApiTest -->
