<?xml version="1.0" encoding="UTF-8"?>
<!-- Generated by org.testng.reporters.JUnitReportReporter -->
<testsuite skipped="0" hostname="LAPTOP-FKRVQ3CH" name="fourcats.view.CLITest" tests="18" failures="0" timestamp="2020-05-14T18:20:04 CEST" time="2.146" errors="0">
  <testcase name="readingBalInput" time="0.117" classname="fourcats.view.CLITest"/>
  <system-out/>
  <testcase name="testAskingAnother" time="0.135" classname="fourcats.view.CLITest"/>
  <system-out/>
  <testcase name="testAskingModifyApi" time="0.113" classname="fourcats.view.CLITest"/>
  <system-out/>
  <testcase name="testAskingGenerateApi" time="0.115" classname="fourcats.view.CLITest"/>
  <system-out/>
  <testcase name="readingSuggestionAPIInput" time="0.116" classname="fourcats.view.CLITest"/>
  <system-out/>
  <testcase name="testAskingForSuggestionApi" time="0.118" classname="fourcats.view.CLITest"/>
  <system-out/>
  <testcase name="testingUpdate" time="0.124" classname="fourcats.view.CLITest"/>
  <system-out/>
  <testcase name="readingNotGenerateApi" time="0.132" classname="fourcats.view.CLITest"/>
  <system-out/>
  <testcase name="testGenerateApi" time="0.125" classname="fourcats.view.CLITest"/>
  <system-out/>
  <testcase name="testingShowOutput" time="0.123" classname="fourcats.view.CLITest"/>
  <system-out/>
  <testcase name="readingModifyApi" time="0.130" classname="fourcats.view.CLITest"/>
  <system-out/>
  <testcase name="readingSuggestionAPIInputWithNoAnswer" time="0.122" classname="fourcats.view.CLITest"/>
  <system-out/>
  <testcase name="testAskingForBal" time="0.134" classname="fourcats.view.CLITest"/>
  <system-out/>
  <testcase name="testingConstructor" time="0.131" classname="fourcats.view.CLITest"/>
  <system-out/>
  <testcase name="testAskingForPLA" time="0.135" classname="fourcats.view.CLITest"/>
  <system-out/>
  <testcase name="testAskPathApi" time="0.114" classname="fourcats.view.CLITest"/>
  <system-out/>
  <testcase name="readingPLAInput" time="0.118" classname="fourcats.view.CLITest"/>
  <system-out/>
  <testcase name="gettingCurrentAnswer" time="0.044" classname="fourcats.view.CLITest"/>
  <system-out/>
</testsuite> <!-- fourcats.view.CLITest -->
