<?xml version="1.0" encoding="UTF-8"?>
<!-- Generated by org.testng.reporters.JUnitReportReporter -->
<testsuite skipped="0" hostname="LAPTOP-FKRVQ3CH" name="fourcats.frameworks.RepositoryTest" tests="15" failures="0" timestamp="2020-05-11T18:19:01 CEST" time="0.891" errors="0">
  <testcase name="loadingPLACorrectly" time="0.063" classname="fourcats.frameworks.RepositoryTest"/>
  <system-out/>
  <testcase name="gettingADIMapWithIdFromDataKeeperCorrectly" time="0.062" classname="fourcats.frameworks.RepositoryTest"/>
  <system-out/>
  <testcase name="writingAPICorrectly" time="0.054" classname="fourcats.frameworks.RepositoryTest"/>
  <system-out/>
  <testcase name="addingAPIWithoutIdToDataKeeperCorrectly" time="0.055" classname="fourcats.frameworks.RepositoryTest"/>
  <system-out/>
  <testcase name="isCoupleBalPlaPresentInDataKeepeerCorrectly" time="0.060" classname="fourcats.frameworks.RepositoryTest"/>
  <system-out/>
  <testcase name="gettingSizeFromDataKeeperCorrectly" time="0.059" classname="fourcats.frameworks.RepositoryTest"/>
  <system-out/>
  <testcase name="openingFileCorrectly" time="0.064" classname="fourcats.frameworks.RepositoryTest"/>
  <system-out/>
  <testcase name="isThisClassNamePresentInDataKeeperCorrectly" time="0.061" classname="fourcats.frameworks.RepositoryTest"/>
  <system-out/>
  <testcase name="isThisAPIPresentInDataKeeperCorrectly" time="0.059" classname="fourcats.frameworks.RepositoryTest"/>
  <system-out/>
  <testcase name="addingCoupleBalPlaToDataKeeperCorrectly" time="0.059" classname="fourcats.frameworks.RepositoryTest"/>
  <system-out/>
  <testcase name="updatingAPIToDataKeepeerCorrectly" time="0.062" classname="fourcats.frameworks.RepositoryTest"/>
  <system-out/>
  <testcase name="addingAPIWithIdToDataKeeperCorrectly" time="0.056" classname="fourcats.frameworks.RepositoryTest"/>
  <system-out/>
  <testcase name="gettingAPIWithIdFromDataKeeperCorrectly" time="0.057" classname="fourcats.frameworks.RepositoryTest"/>
  <system-out/>
  <testcase name="deletingAPIWithIdFromDataKeeperCorrectly" time="0.055" classname="fourcats.frameworks.RepositoryTest"/>
  <system-out/>
  <testcase name="writingPLAToFileSystemCorrectly" time="0.065" classname="fourcats.frameworks.RepositoryTest"/>
  <system-out/>
</testsuite> <!-- fourcats.frameworks.RepositoryTest -->
