<?xml version="1.0" encoding="UTF-8"?>
<!-- Generated by org.testng.reporters.JUnitReportReporter -->
<testsuite skipped="0" hostname="LAPTOP-FKRVQ3CH" name="fourcats.frameworks.BalAnalyzerImplementationTest" tests="3" failures="0" timestamp="2020-05-08T15:46:26 CEST" time="0.754" errors="0">
  <testcase name="createBalAnalyzerCorrectly" time="0.254" classname="fourcats.frameworks.BalAnalyzerImplementationTest"/>
  <system-out/>
  <testcase name="correctlySettingBalFile" time="0.253" classname="fourcats.frameworks.BalAnalyzerImplementationTest"/>
  <system-out/>
  <testcase name="gettingBalCorrectly" time="0.247" classname="fourcats.frameworks.BalAnalyzerImplementationTest"/>
  <system-out/>
</testsuite> <!-- fourcats.frameworks.BalAnalyzerImplementationTest -->
