<?xml version="1.0" encoding="UTF-8"?>
<!-- Generated by org.testng.reporters.JUnitReportReporter -->
<testsuite skipped="0" hostname="LAPTOP-FKRVQ3CH" name="fourcats.view.CLITest" tests="18" failures="0" timestamp="2020-05-15T15:15:29 CEST" time="2.579" errors="0">
  <testcase name="readingSuggestionAPIInputWithNoAnswer" time="0.146" classname="fourcats.view.CLITest"/>
  <system-out/>
  <testcase name="testAskingForSuggestionApi" time="0.142" classname="fourcats.view.CLITest"/>
  <system-out/>
  <testcase name="gettingCurrentAnswer" time="0.054" classname="fourcats.view.CLITest"/>
  <system-out/>
  <testcase name="testAskingForPLA" time="0.161" classname="fourcats.view.CLITest"/>
  <system-out/>
  <testcase name="readingModifyApi" time="0.155" classname="fourcats.view.CLITest"/>
  <system-out/>
  <testcase name="testGenerateApi" time="0.151" classname="fourcats.view.CLITest"/>
  <system-out/>
  <testcase name="readingSuggestionAPIInput" time="0.140" classname="fourcats.view.CLITest"/>
  <system-out/>
  <testcase name="testAskingGenerateApi" time="0.139" classname="fourcats.view.CLITest"/>
  <system-out/>
  <testcase name="testAskingModifyApi" time="0.137" classname="fourcats.view.CLITest"/>
  <system-out/>
  <testcase name="testingConstructor" time="0.157" classname="fourcats.view.CLITest"/>
  <system-out/>
  <testcase name="readingNotGenerateApi" time="0.159" classname="fourcats.view.CLITest"/>
  <system-out/>
  <testcase name="testAskPathApi" time="0.138" classname="fourcats.view.CLITest"/>
  <system-out/>
  <testcase name="testAskingAnother" time="0.162" classname="fourcats.view.CLITest"/>
  <system-out/>
  <testcase name="readingPLAInput" time="0.141" classname="fourcats.view.CLITest"/>
  <system-out/>
  <testcase name="readingBalInput" time="0.140" classname="fourcats.view.CLITest"/>
  <system-out/>
  <testcase name="testAskingForBal" time="0.160" classname="fourcats.view.CLITest"/>
  <system-out/>
  <testcase name="testingUpdate" time="0.149" classname="fourcats.view.CLITest"/>
  <system-out/>
  <testcase name="testingShowOutput" time="0.148" classname="fourcats.view.CLITest"/>
  <system-out/>
</testsuite> <!-- fourcats.view.CLITest -->
