<?xml version="1.0" encoding="UTF-8"?>
<!-- Generated by org.testng.reporters.JUnitReportReporter -->
<testsuite skipped="0" hostname="LAPTOP-FKRVQ3CH" name="fourcats.Entity.ObjectParamTest" tests="8" failures="0" timestamp="2020-05-10T21:08:24 CEST" time="0.005" errors="0">
  <testcase name="EmptyObjectParamCorrectCreation" time="0.001" classname="fourcats.Entity.ObjectParamTest"/>
  <system-out/>
  <testcase name="ObjectParamGetTypeCorrectly" time="0.001" classname="fourcats.Entity.ObjectParamTest"/>
  <system-out/>
  <testcase name="ObjectParamConvertedToStringCorrectly" time="0.001" classname="fourcats.Entity.ObjectParamTest"/>
  <system-out/>
  <testcase name="ObjectParamCorrectCreationWthName" time="0.001" classname="fourcats.Entity.ObjectParamTest"/>
  <system-out/>
  <testcase name="ObjectParamSetNameCorrectly" time="0.000" classname="fourcats.Entity.ObjectParamTest"/>
  <system-out/>
  <testcase name="ObjectParamSetTypeCorrectly" time="0.001" classname="fourcats.Entity.ObjectParamTest"/>
  <system-out/>
  <testcase name="ObjectParamSetRequiredCorrectly" time="0.000" classname="fourcats.Entity.ObjectParamTest"/>
  <system-out/>
  <testcase name="setTypeCorrectly" time="0.000" classname="fourcats.Entity.ObjectParamTest"/>
  <system-out/>
</testsuite> <!-- fourcats.Entity.ObjectParamTest -->
