<?xml version="1.0" encoding="UTF-8"?>
<!-- Generated by org.testng.reporters.JUnitReportReporter -->
<testsuite skipped="0" hostname="LAPTOP-FKRVQ3CH" name="fourcats.Entity.APITest" tests="5" failures="0" timestamp="2020-05-11T18:19:01 CEST" time="2.587" errors="0">
  <testcase name="getFileNameCorrectly" time="0.515" classname="fourcats.Entity.APITest"/>
  <system-out/>
  <testcase name="testConstructor" time="0.522" classname="fourcats.Entity.APITest"/>
  <system-out/>
  <testcase name="setTextCorrectly" time="0.516" classname="fourcats.Entity.APITest"/>
  <system-out/>
  <testcase name="getTextCorrectly" time="0.514" classname="fourcats.Entity.APITest"/>
  <system-out/>
  <testcase name="setFileNameCorrectly" time="0.520" classname="fourcats.Entity.APITest"/>
  <system-out/>
</testsuite> <!-- fourcats.Entity.APITest -->
