<?xml version="1.0" encoding="UTF-8"?>
<!-- Generated by org.testng.reporters.JUnitReportReporter -->
<testsuite hostname="Air-di-Edoardo.homenet.telecomitalia.it" failures="0" tests="1" name="fourcats.usecaseinteractor.GenerateApiTest" time="0.002" errors="0" timestamp="2020-04-13T13:00:38 CEST" skipped="0">
  <testcase classname="fourcats.usecaseinteractor.GenerateApiTest" name="GenerateAPITestCorrectCreation" time="0.002"/>
  <system-out/>
</testsuite> <!-- fourcats.usecaseinteractor.GenerateApiTest -->
