<?xml version="1.0" encoding="UTF-8"?>
<!-- Generated by org.testng.reporters.JUnitReportReporter -->
<testsuite skipped="0" hostname="LAPTOP-FKRVQ3CH" name="fourcats.usecaseinteractor.ModifyApiTest" tests="3" failures="0" timestamp="2020-05-13T20:26:25 CEST" time="0.025" errors="0">
  <testcase name="testingModifyApi" time="0.008" classname="fourcats.usecaseinteractor.ModifyApiTest"/>
  <system-out/>
  <testcase name="testingCorrectlyMethodCallModifyGui" time="0.008" classname="fourcats.usecaseinteractor.ModifyApiTest"/>
  <system-out/>
  <testcase name="correctlyCreatingModifyApi" time="0.009" classname="fourcats.usecaseinteractor.ModifyApiTest"/>
  <system-out/>
</testsuite> <!-- fourcats.usecaseinteractor.ModifyApiTest -->
