<?xml version="1.0" encoding="UTF-8"?>
<!-- Generated by org.testng.reporters.JUnitReportReporter -->
<testsuite skipped="0" hostname="LAPTOP-FKRVQ3CH" name="fourcats.usecaseinteractor.ModifyApiTest" tests="3" failures="0" timestamp="2020-05-10T21:08:24 CEST" time="0.032" errors="0">
  <testcase name="testingCorrectlyMethodCallModifyGui" time="0.011" classname="fourcats.usecaseinteractor.ModifyApiTest"/>
  <system-out/>
  <testcase name="testingModifyApi" time="0.010" classname="fourcats.usecaseinteractor.ModifyApiTest"/>
  <system-out/>
  <testcase name="correctlyCreatingModifyApi" time="0.011" classname="fourcats.usecaseinteractor.ModifyApiTest"/>
  <system-out/>
</testsuite> <!-- fourcats.usecaseinteractor.ModifyApiTest -->
