<?xml version="1.0" encoding="UTF-8"?>
<!-- Generated by org.testng.reporters.JUnitReportReporter -->
<testsuite skipped="0" hostname="LAPTOP-FKRVQ3CH" name="fourcats.usecaseinteractor.GenerateApiTest" tests="2" failures="0" timestamp="2020-05-11T18:19:01 CEST" time="0.012" errors="0">
  <testcase name="generateAPI" time="0.006" classname="fourcats.usecaseinteractor.GenerateApiTest"/>
  <system-out/>
  <testcase name="GenerateAPITestCorrectCreation" time="0.006" classname="fourcats.usecaseinteractor.GenerateApiTest"/>
  <system-out/>
</testsuite> <!-- fourcats.usecaseinteractor.GenerateApiTest -->
