<?xml version="1.0" encoding="UTF-8"?>
<!-- Generated by org.testng.reporters.JUnitReportReporter -->
<testsuite skipped="0" hostname="LAPTOP-FKRVQ3CH" name="fourcats.Entity.APITest" tests="5" failures="0" timestamp="2020-05-13T20:26:25 CEST" time="1.570" errors="0">
  <testcase name="getFileNameCorrectly" time="0.314" classname="fourcats.Entity.APITest"/>
  <system-out/>
  <testcase name="testConstructor" time="0.315" classname="fourcats.Entity.APITest"/>
  <system-out/>
  <testcase name="setTextCorrectly" time="0.314" classname="fourcats.Entity.APITest"/>
  <system-out/>
  <testcase name="getTextCorrectly" time="0.313" classname="fourcats.Entity.APITest"/>
  <system-out/>
  <testcase name="setFileNameCorrectly" time="0.314" classname="fourcats.Entity.APITest"/>
  <system-out/>
</testsuite> <!-- fourcats.Entity.APITest -->
