<?xml version="1.0" encoding="UTF-8"?>
<!-- Generated by org.testng.reporters.JUnitReportReporter -->
<testsuite skipped="0" hostname="LAPTOP-FKRVQ3CH" name="fourcats.Entity.PLATest" tests="4" failures="0" timestamp="2020-05-05T17:21:45 CEST" time="0.010" errors="0">
  <testcase name="testSettingTextPLA" time="0.003" classname="fourcats.Entity.PLATest"/>
  <system-out/>
  <testcase name="testConstructor" time="0.003" classname="fourcats.Entity.PLATest"/>
  <system-out/>
  <testcase name="testExtensionFromPLA" time="0.002" classname="fourcats.Entity.PLATest"/>
  <system-out/>
  <testcase name="testTextFromPLA" time="0.002" classname="fourcats.Entity.PLATest"/>
  <system-out/>
</testsuite> <!-- fourcats.Entity.PLATest -->
