<?xml version="1.0" encoding="UTF-8"?>
<!-- Generated by org.testng.reporters.JUnitReportReporter -->
<testsuite skipped="0" hostname="LAPTOP-FKRVQ3CH" name="fourcats.Entity.TypeTest" tests="7" failures="0" timestamp="2020-05-10T21:08:24 CEST" time="0.034" errors="0">
  <testcase name="testConstructorStringAndMapCorrectly" time="0.004" classname="fourcats.Entity.TypeTest"/>
  <system-out/>
  <testcase name="testConstructorStringCorrectly" time="0.005" classname="fourcats.Entity.TypeTest"/>
  <system-out/>
  <testcase name="testGettingAttributesCorrectly" time="0.004" classname="fourcats.Entity.TypeTest"/>
  <system-out/>
  <testcase name="gettingNameCorrectly" time="0.004" classname="fourcats.Entity.TypeTest"/>
  <system-out/>
  <testcase name="testingToStringCorrectly" time="0.005" classname="fourcats.Entity.TypeTest"/>
  <system-out/>
  <testcase name="addingAttributeCorrectly" time="0.006" classname="fourcats.Entity.TypeTest"/>
  <system-out/>
  <testcase name="settingNameCorrectly" time="0.006" classname="fourcats.Entity.TypeTest"/>
  <system-out/>
</testsuite> <!-- fourcats.Entity.TypeTest -->
