<?xml version="1.0" encoding="UTF-8"?>
<!-- Generated by org.testng.reporters.JUnitReportReporter -->
<testsuite skipped="0" hostname="LAPTOP-FKRVQ3CH" name="fourcats.Entity.BALTest" tests="4" failures="0" timestamp="2020-05-11T18:19:01 CEST" time="3.185" errors="0">
  <testcase name="testConstructor" time="0.800" classname="fourcats.Entity.BALTest"/>
  <system-out/>
  <testcase name="getActors" time="0.800" classname="fourcats.Entity.BALTest"/>
  <system-out/>
  <testcase name="tesAddDuplicateUserToBAL" time="0.798" classname="fourcats.Entity.BALTest"/>
  <system-out/>
  <testcase name="testToString" time="0.787" classname="fourcats.Entity.BALTest"/>
  <system-out/>
</testsuite> <!-- fourcats.Entity.BALTest -->
