<?xml version="1.0" encoding="UTF-8"?>
<!-- Generated by org.testng.reporters.JUnitReportReporter -->
<testsuite skipped="0" hostname="LAPTOP-FKRVQ3CH" name="fourcats.Entity.PLATest" tests="7" failures="0" timestamp="2020-05-13T21:12:47 CEST" time="0.025" errors="0">
  <testcase name="getTestClassCorrectly" time="0.005" classname="fourcats.Entity.PLATest"/>
  <system-out/>
  <testcase name="testSettingTextPLA" time="0.004" classname="fourcats.Entity.PLATest"/>
  <system-out/>
  <testcase name="testConstructor" time="0.005" classname="fourcats.Entity.PLATest"/>
  <system-out/>
  <testcase name="getCustomClassCorrectly" time="0.002" classname="fourcats.Entity.PLATest"/>
  <system-out/>
  <testcase name="testTextFromPLA" time="0.002" classname="fourcats.Entity.PLATest"/>
  <system-out/>
  <testcase name="getCustomBodyCorrectly" time="0.004" classname="fourcats.Entity.PLATest"/>
  <system-out/>
  <testcase name="testExtensionFromPLA" time="0.003" classname="fourcats.Entity.PLATest"/>
  <system-out/>
</testsuite> <!-- fourcats.Entity.PLATest -->
