<?xml version="1.0" encoding="UTF-8"?>
<!-- Generated by org.testng.reporters.JUnitReportReporter -->
<testsuite skipped="0" hostname="LAPTOP-FKRVQ3CH" name="fourcats.usecaseinteractor.SuggestApiTest" tests="3" failures="0" timestamp="2020-05-08T21:26:40 CEST" time="0.020" errors="0">
  <testcase name="SuggestAPITestCreationFromWrongInput" time="0.006" classname="fourcats.usecaseinteractor.SuggestApiTest"/>
  <system-out/>
  <testcase name="correctlysuggestionApiCreated" time="0.008" classname="fourcats.usecaseinteractor.SuggestApiTest"/>
  <system-out/>
  <testcase name="correctlyCreatingSuggestApi" time="0.006" classname="fourcats.usecaseinteractor.SuggestApiTest"/>
  <system-out/>
</testsuite> <!-- fourcats.usecaseinteractor.SuggestApiTest -->
