<?xml version="1.0" encoding="UTF-8"?>
<!-- Generated by org.testng.reporters.JUnitReportReporter -->
<testsuite skipped="0" hostname="LAPTOP-FKRVQ3CH" name="fourcats.Entity.BALTest" tests="4" failures="0" timestamp="2020-05-13T21:12:47 CEST" time="2.317" errors="0">
  <testcase name="testConstructor" time="0.582" classname="fourcats.Entity.BALTest"/>
  <system-out/>
  <testcase name="testToString" time="0.573" classname="fourcats.Entity.BALTest"/>
  <system-out/>
  <testcase name="getActors" time="0.581" classname="fourcats.Entity.BALTest"/>
  <system-out/>
  <testcase name="tesAddDuplicateUserToBAL" time="0.581" classname="fourcats.Entity.BALTest"/>
  <system-out/>
</testsuite> <!-- fourcats.Entity.BALTest -->
