<?xml version="1.0" encoding="UTF-8"?>
<!-- Generated by org.testng.reporters.JUnitReportReporter -->
<testsuite skipped="0" hostname="LAPTOP-FKRVQ3CH" name="fourcats.view.CLITest" tests="18" failures="0" timestamp="2020-05-05T17:21:45 CEST" time="2.838" errors="0">
  <testcase name="testingShowOutput" time="0.168" classname="fourcats.view.CLITest"/>
  <system-out/>
  <testcase name="readingPLAInput" time="0.160" classname="fourcats.view.CLITest"/>
  <system-out/>
  <testcase name="readingSuggestionAPIInputWithNoAnswer" time="0.166" classname="fourcats.view.CLITest"/>
  <system-out/>
  <testcase name="testingConstructor" time="0.172" classname="fourcats.view.CLITest"/>
  <system-out/>
  <testcase name="readingSuggestionAPIInput" time="0.157" classname="fourcats.view.CLITest"/>
  <system-out/>
  <testcase name="testAskingForBal" time="0.174" classname="fourcats.view.CLITest"/>
  <system-out/>
  <testcase name="testAskingForSuggestionApi" time="0.161" classname="fourcats.view.CLITest"/>
  <system-out/>
  <testcase name="testAskingForPLA" time="0.174" classname="fourcats.view.CLITest"/>
  <system-out/>
  <testcase name="readingNotGenerateApi" time="0.173" classname="fourcats.view.CLITest"/>
  <system-out/>
  <testcase name="gettingCurrentAnswer" time="0.049" classname="fourcats.view.CLITest"/>
  <system-out/>
  <testcase name="testAskingAnother" time="0.175" classname="fourcats.view.CLITest"/>
  <system-out/>
  <testcase name="readingAnotherBal" time="0.152" classname="fourcats.view.CLITest"/>
  <system-out/>
  <testcase name="testingUpdate" time="0.169" classname="fourcats.view.CLITest"/>
  <system-out/>
  <testcase name="readingGenerateApi" time="0.155" classname="fourcats.view.CLITest"/>
  <system-out/>
  <testcase name="readingBalInput" time="0.158" classname="fourcats.view.CLITest"/>
  <system-out/>
  <testcase name="readingModifyApi" time="0.171" classname="fourcats.view.CLITest"/>
  <system-out/>
  <testcase name="testAskingGenerateApi" time="0.154" classname="fourcats.view.CLITest"/>
  <system-out/>
  <testcase name="testAskingModifyApi" time="0.150" classname="fourcats.view.CLITest"/>
  <system-out/>
</testsuite> <!-- fourcats.view.CLITest -->
