<?xml version="1.0" encoding="UTF-8"?>
<!-- Generated by org.testng.reporters.JUnitReportReporter -->
<testsuite skipped="0" hostname="LAPTOP-FKRVQ3CH" name="fourcats.Entity.PLATest" tests="7" failures="0" timestamp="2020-05-11T18:19:01 CEST" time="0.048" errors="0">
  <testcase name="getCustomBodyCorrectly" time="0.007" classname="fourcats.Entity.PLATest"/>
  <system-out/>
  <testcase name="testConstructor" time="0.009" classname="fourcats.Entity.PLATest"/>
  <system-out/>
  <testcase name="getCustomClassCorrectly" time="0.005" classname="fourcats.Entity.PLATest"/>
  <system-out/>
  <testcase name="getTestClassCorrectly" time="0.010" classname="fourcats.Entity.PLATest"/>
  <system-out/>
  <testcase name="testExtensionFromPLA" time="0.006" classname="fourcats.Entity.PLATest"/>
  <system-out/>
  <testcase name="testTextFromPLA" time="0.003" classname="fourcats.Entity.PLATest"/>
  <system-out/>
  <testcase name="testSettingTextPLA" time="0.008" classname="fourcats.Entity.PLATest"/>
  <system-out/>
</testsuite> <!-- fourcats.Entity.PLATest -->
