<?xml version="1.0" encoding="UTF-8"?>
<!-- Generated by org.testng.reporters.JUnitReportReporter -->
<testsuite skipped="0" hostname="LAPTOP-FKRVQ3CH" name="fourcats.frameworks.DataKeeperTest" tests="9" failures="0" timestamp="2020-05-05T17:21:45 CEST" time="0.012" errors="0">
  <testcase name="updatingAPICorrectly" time="0.002" classname="fourcats.frameworks.DataKeeperTest"/>
  <system-out/>
  <testcase name="addingAPIWithoutIdCorrectly" time="0.001" classname="fourcats.frameworks.DataKeeperTest"/>
  <system-out/>
  <testcase name="removingAPIPresent" time="0.001" classname="fourcats.frameworks.DataKeeperTest"/>
  <system-out/>
  <testcase name="gettingAPIWithId" time="0.001" classname="fourcats.frameworks.DataKeeperTest"/>
  <system-out/>
  <testcase name="gettingAPIMapCorrectly" time="0.002" classname="fourcats.frameworks.DataKeeperTest"/>
  <system-out/>
  <testcase name="removingAPINotPresent" time="0.001" classname="fourcats.frameworks.DataKeeperTest"/>
  <system-out/>
  <testcase name="createDatakeeperCorrectly" time="0.001" classname="fourcats.frameworks.DataKeeperTest"/>
  <system-out/>
  <testcase name="addingAPIWithIdCorrectlyWithoutDuplicate" time="0.001" classname="fourcats.frameworks.DataKeeperTest"/>
  <system-out/>
  <testcase name="gettingSizeOfAPIMap" time="0.002" classname="fourcats.frameworks.DataKeeperTest"/>
  <system-out/>
</testsuite> <!-- fourcats.frameworks.DataKeeperTest -->
