<?xml version="1.0" encoding="UTF-8"?>
<!-- Generated by org.testng.reporters.JUnitReportReporter -->
<testsuite skipped="0" hostname="LAPTOP-FKRVQ3CH" name="fourcats.Entity.ActionTest" tests="8" failures="0" timestamp="2020-05-08T21:26:40 CEST" time="0.089" errors="0">
  <testcase name="testGettingNameCorrectly" time="0.011" classname="fourcats.Entity.ActionTest"/>
  <system-out/>
  <testcase name="addObjectParamCorrectly" time="0.011" classname="fourcats.Entity.ActionTest"/>
  <system-out/>
  <testcase name="createActionWithNameAndType" time="0.011" classname="fourcats.Entity.ActionTest"/>
  <system-out/>
  <testcase name="testAddObjectName" time="0.012" classname="fourcats.Entity.ActionTest"/>
  <system-out/>
  <testcase name="toStringActionWithTwoParametersCorrectly" time="0.011" classname="fourcats.Entity.ActionTest"/>
  <system-out/>
  <testcase name="toStringActionCorrectly" time="0.011" classname="fourcats.Entity.ActionTest"/>
  <system-out/>
  <testcase name="createActionWithNameAndNullType" time="0.011" classname="fourcats.Entity.ActionTest"/>
  <system-out/>
  <testcase name="testGettingTypeNameCorrectly" time="0.011" classname="fourcats.Entity.ActionTest"/>
  <system-out/>
</testsuite> <!-- fourcats.Entity.ActionTest -->
