<?xml version="1.0" encoding="UTF-8"?>
<!-- Generated by org.testng.reporters.JUnitReportReporter -->
<testsuite skipped="0" hostname="LAPTOP-FKRVQ3CH" name="fourcats.view.CLITest" tests="18" failures="0" timestamp="2020-05-08T15:46:26 CEST" time="2.784" errors="0">
  <testcase name="readingBalInput" time="0.156" classname="fourcats.view.CLITest"/>
  <system-out/>
  <testcase name="testAskingModifyApi" time="0.151" classname="fourcats.view.CLITest"/>
  <system-out/>
  <testcase name="testAskingAnother" time="0.172" classname="fourcats.view.CLITest"/>
  <system-out/>
  <testcase name="testingShowOutput" time="0.164" classname="fourcats.view.CLITest"/>
  <system-out/>
  <testcase name="readingSuggestionAPIInputWithNoAnswer" time="0.163" classname="fourcats.view.CLITest"/>
  <system-out/>
  <testcase name="readingPLAInput" time="0.157" classname="fourcats.view.CLITest"/>
  <system-out/>
  <testcase name="readingNotGenerateApi" time="0.168" classname="fourcats.view.CLITest"/>
  <system-out/>
  <testcase name="readingAnotherBal" time="0.152" classname="fourcats.view.CLITest"/>
  <system-out/>
  <testcase name="testAskingForBal" time="0.170" classname="fourcats.view.CLITest"/>
  <system-out/>
  <testcase name="testingUpdate" time="0.164" classname="fourcats.view.CLITest"/>
  <system-out/>
  <testcase name="readingGenerateApi" time="0.154" classname="fourcats.view.CLITest"/>
  <system-out/>
  <testcase name="testAskingForSuggestionApi" time="0.159" classname="fourcats.view.CLITest"/>
  <system-out/>
  <testcase name="gettingCurrentAnswer" time="0.042" classname="fourcats.view.CLITest"/>
  <system-out/>
  <testcase name="readingSuggestionAPIInput" time="0.155" classname="fourcats.view.CLITest"/>
  <system-out/>
  <testcase name="readingModifyApi" time="0.166" classname="fourcats.view.CLITest"/>
  <system-out/>
  <testcase name="testAskingForPLA" time="0.171" classname="fourcats.view.CLITest"/>
  <system-out/>
  <testcase name="testAskingGenerateApi" time="0.153" classname="fourcats.view.CLITest"/>
  <system-out/>
  <testcase name="testingConstructor" time="0.167" classname="fourcats.view.CLITest"/>
  <system-out/>
</testsuite> <!-- fourcats.view.CLITest -->
