<?xml version="1.0" encoding="UTF-8"?>
<!-- Generated by org.testng.reporters.JUnitReportReporter -->
<testsuite skipped="0" hostname="LAPTOP-FKRVQ3CH" name="fourcats.usecaseinteractor.ModifyPlaTest" tests="3" failures="0" timestamp="2020-05-10T21:08:24 CEST" time="0.039" errors="0">
  <testcase name="testingModify" time="0.012" classname="fourcats.usecaseinteractor.ModifyPlaTest"/>
  <system-out/>
  <testcase name="correctlyCreatingModifyApi" time="0.013" classname="fourcats.usecaseinteractor.ModifyPlaTest"/>
  <system-out/>
  <testcase name="testingLoadingPlaCorrectly" time="0.014" classname="fourcats.usecaseinteractor.ModifyPlaTest"/>
  <system-out/>
</testsuite> <!-- fourcats.usecaseinteractor.ModifyPlaTest -->
