<?xml version="1.0" encoding="UTF-8"?>
<!-- Generated by org.testng.reporters.JUnitReportReporter -->
<testsuite skipped="0" hostname="LAPTOP-FKRVQ3CH" name="fourcats.frameworks.RepositoryTest" tests="10" failures="0" timestamp="2020-05-05T17:21:45 CEST" time="0.340" errors="0">
  <testcase name="addingAPIWithoutIdToDataKeeperCorrectly" time="0.033" classname="fourcats.frameworks.RepositoryTest"/>
  <system-out/>
  <testcase name="writingAPICorrectly" time="0.032" classname="fourcats.frameworks.RepositoryTest"/>
  <system-out/>
  <testcase name="gettingADIMapWithIdFromDataKeeperCorrectly" time="0.034" classname="fourcats.frameworks.RepositoryTest"/>
  <system-out/>
  <testcase name="openingFileCorrectly" time="0.036" classname="fourcats.frameworks.RepositoryTest"/>
  <system-out/>
  <testcase name="gettingSizeFromDataKeeperCorrectly" time="0.034" classname="fourcats.frameworks.RepositoryTest"/>
  <system-out/>
  <testcase name="updatingAPIToDataKeepeerCorrectly" time="0.035" classname="fourcats.frameworks.RepositoryTest"/>
  <system-out/>
  <testcase name="addingAPIWithIdToDataKeeperCorrectly" time="0.034" classname="fourcats.frameworks.RepositoryTest"/>
  <system-out/>
  <testcase name="deletingAPIWithIdFromDataKeeperCorrectly" time="0.033" classname="fourcats.frameworks.RepositoryTest"/>
  <system-out/>
  <testcase name="gettingAPIWithIdFromDataKeeperCorrectly" time="0.034" classname="fourcats.frameworks.RepositoryTest"/>
  <system-out/>
  <testcase name="loadingPLACorrectly" time="0.035" classname="fourcats.frameworks.RepositoryTest"/>
  <system-out/>
</testsuite> <!-- fourcats.frameworks.RepositoryTest -->
