<?xml version="1.0" encoding="UTF-8"?>
<!-- Generated by org.testng.reporters.JUnitReportReporter -->
<testsuite skipped="0" hostname="LAPTOP-FKRVQ3CH" name="fourcats.usecaseinteractor.CreatePlaTest" tests="2" failures="0" timestamp="2020-05-13T20:26:25 CEST" time="0.035" errors="0">
  <testcase name="testingCorrectlyMethodCallModifyGui" time="0.017" classname="fourcats.usecaseinteractor.CreatePlaTest"/>
  <system-out/>
  <testcase name="correctlyCreatingModifyApi" time="0.018" classname="fourcats.usecaseinteractor.CreatePlaTest"/>
  <system-out/>
</testsuite> <!-- fourcats.usecaseinteractor.CreatePlaTest -->
