<?xml version="1.0" encoding="UTF-8"?>
<!-- Generated by org.testng.reporters.JUnitReportReporter -->
<testsuite skipped="0" hostname="LAPTOP-FKRVQ3CH" name="fourcats.Entity.APITest" tests="5" failures="0" timestamp="2020-05-10T21:08:24 CEST" time="1.593" errors="0">
  <testcase name="getFileNameCorrectly" time="0.318" classname="fourcats.Entity.APITest"/>
  <system-out/>
  <testcase name="testConstructor" time="0.320" classname="fourcats.Entity.APITest"/>
  <system-out/>
  <testcase name="setTextCorrectly" time="0.319" classname="fourcats.Entity.APITest"/>
  <system-out/>
  <testcase name="getTextCorrectly" time="0.317" classname="fourcats.Entity.APITest"/>
  <system-out/>
  <testcase name="setFileNameCorrectly" time="0.319" classname="fourcats.Entity.APITest"/>
  <system-out/>
</testsuite> <!-- fourcats.Entity.APITest -->
