<?xml version="1.0" encoding="UTF-8"?>
<!-- Generated by org.testng.reporters.JUnitReportReporter -->
<testsuite skipped="0" hostname="LAPTOP-FKRVQ3CH" name="fourcats.Entity.TypeTest" tests="7" failures="0" timestamp="2020-05-13T21:12:47 CEST" time="0.026" errors="0">
  <testcase name="settingNameCorrectly" time="0.004" classname="fourcats.Entity.TypeTest"/>
  <system-out/>
  <testcase name="testConstructorStringCorrectly" time="0.004" classname="fourcats.Entity.TypeTest"/>
  <system-out/>
  <testcase name="testConstructorStringAndMapCorrectly" time="0.004" classname="fourcats.Entity.TypeTest"/>
  <system-out/>
  <testcase name="testGettingAttributesCorrectly" time="0.003" classname="fourcats.Entity.TypeTest"/>
  <system-out/>
  <testcase name="gettingNameCorrectly" time="0.004" classname="fourcats.Entity.TypeTest"/>
  <system-out/>
  <testcase name="testingToStringCorrectly" time="0.004" classname="fourcats.Entity.TypeTest"/>
  <system-out/>
  <testcase name="addingAttributeCorrectly" time="0.003" classname="fourcats.Entity.TypeTest"/>
  <system-out/>
</testsuite> <!-- fourcats.Entity.TypeTest -->
