<?xml version="1.0" encoding="UTF-8"?>
<!-- Generated by org.testng.reporters.JUnitReportReporter -->
<testsuite skipped="0" hostname="LAPTOP-FKRVQ3CH" name="fourcats.usecaseinteractor.CreatePlaTest" tests="2" failures="0" timestamp="2020-05-10T21:08:24 CEST" time="0.051" errors="0">
  <testcase name="testingCorrectlyMethodCallModifyGui" time="0.025" classname="fourcats.usecaseinteractor.CreatePlaTest"/>
  <system-out/>
  <testcase name="correctlyCreatingModifyApi" time="0.026" classname="fourcats.usecaseinteractor.CreatePlaTest"/>
  <system-out/>
</testsuite> <!-- fourcats.usecaseinteractor.CreatePlaTest -->
