<?xml version="1.0" encoding="UTF-8"?>
<!-- Generated by org.testng.reporters.JUnitReportReporter -->
<testsuite skipped="0" hostname="LAPTOP-FKRVQ3CH" name="fourcats.interfaceAdapters.ControllerTest" tests="5" failures="0" timestamp="2020-05-05T17:21:45 CEST" time="0.121" errors="0">
  <testcase name="testinModifyApiGui" time="0.024" classname="fourcats.interfaceAdapters.ControllerTest"/>
  <system-out/>
  <testcase name="testCreateApiSuggestion" time="0.025" classname="fourcats.interfaceAdapters.ControllerTest"/>
  <system-out/>
  <testcase name="testGenerateApi" time="0.024" classname="fourcats.interfaceAdapters.ControllerTest"/>
  <system-out/>
  <testcase name="createControllerCorrectly" time="0.025" classname="fourcats.interfaceAdapters.ControllerTest"/>
  <system-out/>
  <testcase name="testModifyApi" time="0.023" classname="fourcats.interfaceAdapters.ControllerTest"/>
  <system-out/>
</testsuite> <!-- fourcats.interfaceAdapters.ControllerTest -->
