<?xml version="1.0" encoding="UTF-8"?>
<!-- Generated by org.testng.reporters.JUnitReportReporter -->
<testsuite skipped="0" hostname="LAPTOP-FKRVQ3CH" name="fourcats.frameworks.RepositoryTest" tests="15" failures="0" timestamp="2020-05-14T18:20:04 CEST" time="0.624" errors="0">
  <testcase name="isCoupleBalPlaPresentInDataKeepeerCorrectly" time="0.042" classname="fourcats.frameworks.RepositoryTest"/>
  <system-out/>
  <testcase name="deletingAPIWithIdFromDataKeeperCorrectly" time="0.039" classname="fourcats.frameworks.RepositoryTest"/>
  <system-out/>
  <testcase name="addingCoupleBalPlaToDataKeeperCorrectly" time="0.042" classname="fourcats.frameworks.RepositoryTest"/>
  <system-out/>
  <testcase name="loadingPLACorrectly" time="0.044" classname="fourcats.frameworks.RepositoryTest"/>
  <system-out/>
  <testcase name="isThisClassNamePresentInDataKeeperCorrectly" time="0.043" classname="fourcats.frameworks.RepositoryTest"/>
  <system-out/>
  <testcase name="gettingAPIWithIdFromDataKeeperCorrectly" time="0.040" classname="fourcats.frameworks.RepositoryTest"/>
  <system-out/>
  <testcase name="writingAPICorrectly" time="0.038" classname="fourcats.frameworks.RepositoryTest"/>
  <system-out/>
  <testcase name="updatingAPIToDataKeepeerCorrectly" time="0.043" classname="fourcats.frameworks.RepositoryTest"/>
  <system-out/>
  <testcase name="isThisAPIPresentInDataKeeperCorrectly" time="0.041" classname="fourcats.frameworks.RepositoryTest"/>
  <system-out/>
  <testcase name="gettingSizeFromDataKeeperCorrectly" time="0.041" classname="fourcats.frameworks.RepositoryTest"/>
  <system-out/>
  <testcase name="gettingADIMapWithIdFromDataKeeperCorrectly" time="0.043" classname="fourcats.frameworks.RepositoryTest"/>
  <system-out/>
  <testcase name="addingAPIWithoutIdToDataKeeperCorrectly" time="0.039" classname="fourcats.frameworks.RepositoryTest"/>
  <system-out/>
  <testcase name="openingFileCorrectly" time="0.044" classname="fourcats.frameworks.RepositoryTest"/>
  <system-out/>
  <testcase name="addingAPIWithIdToDataKeeperCorrectly" time="0.040" classname="fourcats.frameworks.RepositoryTest"/>
  <system-out/>
  <testcase name="writingPLAToFileSystemCorrectly" time="0.045" classname="fourcats.frameworks.RepositoryTest"/>
  <system-out/>
</testsuite> <!-- fourcats.frameworks.RepositoryTest -->
