<?xml version="1.0" encoding="UTF-8"?>
<!-- Generated by org.testng.reporters.JUnitReportReporter -->
<testsuite skipped="0" hostname="LAPTOP-FKRVQ3CH" name="fourcats.Entity.ActionTest" tests="17" failures="0" timestamp="2020-05-13T20:26:25 CEST" time="0.223" errors="0">
  <testcase name="testAddObjectParamWithString" time="0.013" classname="fourcats.Entity.ActionTest"/>
  <system-out/>
  <testcase name="testAddObjectName" time="0.012" classname="fourcats.Entity.ActionTest"/>
  <system-out/>
  <testcase name="testGettingNameCorrectly" time="0.013" classname="fourcats.Entity.ActionTest"/>
  <system-out/>
  <testcase name="toStringActionCorrectly" time="0.013" classname="fourcats.Entity.ActionTest"/>
  <system-out/>
  <testcase name="createActionWithNameAndTypeAndScenarioAndStep" time="0.012" classname="fourcats.Entity.ActionTest"/>
  <system-out/>
  <testcase name="toStringActionWithTwoParametersCorrectly" time="0.013" classname="fourcats.Entity.ActionTest"/>
  <system-out/>
  <testcase name="createActionWithNameAndTypeNotString" time="0.014" classname="fourcats.Entity.ActionTest"/>
  <system-out/>
  <testcase name="setTypeCorrectly" time="0.013" classname="fourcats.Entity.ActionTest"/>
  <system-out/>
  <testcase name="testRemoveObjectParamWithId" time="0.013" classname="fourcats.Entity.ActionTest"/>
  <system-out/>
  <testcase name="createActionWithNameAndNullType" time="0.014" classname="fourcats.Entity.ActionTest"/>
  <system-out/>
  <testcase name="addObjectParamCorrectly" time="0.014" classname="fourcats.Entity.ActionTest"/>
  <system-out/>
  <testcase name="createActionWithNameAndTypeNotStringAndScenarioAndStep" time="0.013" classname="fourcats.Entity.ActionTest"/>
  <system-out/>
  <testcase name="getStepCorrectly" time="0.013" classname="fourcats.Entity.ActionTest"/>
  <system-out/>
  <testcase name="getScenarioCorrectly" time="0.013" classname="fourcats.Entity.ActionTest"/>
  <system-out/>
  <testcase name="testGettingTypeNameCorrectly" time="0.013" classname="fourcats.Entity.ActionTest"/>
  <system-out/>
  <testcase name="createActionWithNameAndTypeNullAndScenarioAndStep" time="0.013" classname="fourcats.Entity.ActionTest"/>
  <system-out/>
  <testcase name="createActionWithNameAndType" time="0.014" classname="fourcats.Entity.ActionTest"/>
  <system-out/>
</testsuite> <!-- fourcats.Entity.ActionTest -->
