<?xml version="1.0" encoding="UTF-8"?>
<!-- Generated by org.testng.reporters.JUnitReportReporter -->
<testsuite skipped="0" hostname="LAPTOP-FKRVQ3CH" name="fourcats.interfaceAdapters.ControllerTest" tests="8" failures="0" timestamp="2020-05-10T21:08:24 CEST" time="0.527" errors="0">
  <testcase name="testModifyPla" time="0.063" classname="fourcats.interfaceAdapters.ControllerTest"/>
  <system-out/>
  <testcase name="testCreateApiSuggestion" time="0.060" classname="fourcats.interfaceAdapters.ControllerTest"/>
  <system-out/>
  <testcase name="createControllerCorrectly" time="0.070" classname="fourcats.interfaceAdapters.ControllerTest"/>
  <system-out/>
  <testcase name="testingCreatePla" time="0.072" classname="fourcats.interfaceAdapters.ControllerTest"/>
  <system-out/>
  <testcase name="testGenerateApi" time="0.069" classname="fourcats.interfaceAdapters.ControllerTest"/>
  <system-out/>
  <testcase name="testModifyApi" time="0.061" classname="fourcats.interfaceAdapters.ControllerTest"/>
  <system-out/>
  <testcase name="testLoadingPla" time="0.065" classname="fourcats.interfaceAdapters.ControllerTest"/>
  <system-out/>
  <testcase name="testingModifyApiGui" time="0.067" classname="fourcats.interfaceAdapters.ControllerTest"/>
  <system-out/>
</testsuite> <!-- fourcats.interfaceAdapters.ControllerTest -->
