<?xml version="1.0" encoding="UTF-8"?>
<!-- Generated by org.testng.reporters.JUnitReportReporter -->
<testsuite skipped="0" hostname="LAPTOP-FKRVQ3CH" name="fourcats.usecaseinteractor.ModifyApiTest" tests="4" failures="0" timestamp="2020-05-08T15:46:26 CEST" time="0.033" errors="0">
  <testcase name="correctlyCreatingModifyApi" time="0.009" classname="fourcats.usecaseinteractor.ModifyApiTest"/>
  <system-out/>
  <testcase name="testingModifyApi" time="0.007" classname="fourcats.usecaseinteractor.ModifyApiTest"/>
  <system-out/>
  <testcase name="testingCorrectlyMethodCallModifyGui" time="0.008" classname="fourcats.usecaseinteractor.ModifyApiTest"/>
  <system-out/>
  <testcase name="ModifyAPITestFromWrongInput" time="0.009" classname="fourcats.usecaseinteractor.ModifyApiTest"/>
  <system-out/>
</testsuite> <!-- fourcats.usecaseinteractor.ModifyApiTest -->
