<?xml version="1.0" encoding="UTF-8"?>
<!-- Generated by org.testng.reporters.JUnitReportReporter -->
<testsuite skipped="0" hostname="LAPTOP-FKRVQ3CH" name="fourcats.interfaceAdapters.DataPresenterGuiTest" tests="12" failures="0" timestamp="2020-05-13T21:12:47 CEST" time="0.016" errors="0">
  <testcase name="testGettingCombo" time="0.001" classname="fourcats.interfaceAdapters.DataPresenterGuiTest"/>
  <system-out/>
  <testcase name="testGettingModifyCustomPla" time="0.002" classname="fourcats.interfaceAdapters.DataPresenterGuiTest"/>
  <system-out/>
  <testcase name="testShowOutputMap" time="0.001" classname="fourcats.interfaceAdapters.DataPresenterGuiTest"/>
  <system-out/>
  <testcase name="testShowModifyPla" time="0.001" classname="fourcats.interfaceAdapters.DataPresenterGuiTest"/>
  <system-out/>
  <testcase name="testingCostructCorrectly" time="0.001" classname="fourcats.interfaceAdapters.DataPresenterGuiTest"/>
  <system-out/>
  <testcase name="testShowGenMessage" time="0.002" classname="fourcats.interfaceAdapters.DataPresenterGuiTest"/>
  <system-out/>
  <testcase name="testShowLoadPla" time="0.001" classname="fourcats.interfaceAdapters.DataPresenterGuiTest"/>
  <system-out/>
  <testcase name="testGettingMessagePla" time="0.002" classname="fourcats.interfaceAdapters.DataPresenterGuiTest"/>
  <system-out/>
  <testcase name="testGettingModifyApiPla" time="0.002" classname="fourcats.interfaceAdapters.DataPresenterGuiTest"/>
  <system-out/>
  <testcase name="testShowOutput" time="0.001" classname="fourcats.interfaceAdapters.DataPresenterGuiTest"/>
  <system-out/>
  <testcase name="testGettingString" time="0.001" classname="fourcats.interfaceAdapters.DataPresenterGuiTest"/>
  <system-out/>
  <testcase name="testGettingMessage" time="0.001" classname="fourcats.interfaceAdapters.DataPresenterGuiTest"/>
  <system-out/>
</testsuite> <!-- fourcats.interfaceAdapters.DataPresenterGuiTest -->
