<?xml version="1.0" encoding="UTF-8"?>
<!-- Generated by org.testng.reporters.JUnitReportReporter -->
<testsuite skipped="0" hostname="LAPTOP-FKRVQ3CH" name="fourcats.frameworks.BalAnalyzerImplementationTest" tests="3" failures="0" timestamp="2020-05-14T18:20:04 CEST" time="0.717" errors="0">
  <testcase name="correctlySettingBalFile" time="0.240" classname="fourcats.frameworks.BalAnalyzerImplementationTest"/>
  <system-out/>
  <testcase name="createBalAnalyzerCorrectly" time="0.240" classname="fourcats.frameworks.BalAnalyzerImplementationTest"/>
  <system-out/>
  <testcase name="gettingBalCorrectly" time="0.237" classname="fourcats.frameworks.BalAnalyzerImplementationTest"/>
  <system-out/>
</testsuite> <!-- fourcats.frameworks.BalAnalyzerImplementationTest -->
