<?xml version="1.0" encoding="UTF-8"?>
<!-- Generated by org.testng.reporters.JUnitReportReporter -->
<testsuite skipped="0" hostname="LAPTOP-FKRVQ3CH" name="fourcats.frameworks.FileSystemTest" tests="4" failures="0" timestamp="2020-05-15T15:15:29 CEST" time="0.006" errors="0">
  <testcase name="writingPLATestCorrectly" time="0.002" classname="fourcats.frameworks.FileSystemTest"/>
  <system-out/>
  <testcase name="loadingPLACorrectlyFound" time="0.002" classname="fourcats.frameworks.FileSystemTest"/>
  <system-out/>
  <testcase name="writingAPITestCorrectly" time="0.001" classname="fourcats.frameworks.FileSystemTest"/>
  <system-out/>
  <testcase name="loadingFileCorrectly" time="0.001" classname="fourcats.frameworks.FileSystemTest"/>
  <system-out/>
</testsuite> <!-- fourcats.frameworks.FileSystemTest -->
