<?xml version="1.0" encoding="UTF-8"?>
<!-- Generated by org.testng.reporters.JUnitReportReporter -->
<testsuite skipped="0" hostname="LAPTOP-FKRVQ3CH" name="fourcats.view.CLITest" tests="19" failures="0" timestamp="2020-05-13T20:26:25 CEST" time="2.529" errors="0">
  <testcase name="testAskingForBal" time="0.151" classname="fourcats.view.CLITest"/>
  <system-out/>
  <testcase name="testAskingForPLA" time="0.152" classname="fourcats.view.CLITest"/>
  <system-out/>
  <testcase name="testAskingModifyApi" time="0.125" classname="fourcats.view.CLITest"/>
  <system-out/>
  <testcase name="testGenerateApi" time="0.141" classname="fourcats.view.CLITest"/>
  <system-out/>
  <testcase name="readingPLAInput" time="0.130" classname="fourcats.view.CLITest"/>
  <system-out/>
  <testcase name="testingConstructor" time="0.148" classname="fourcats.view.CLITest"/>
  <system-out/>
  <testcase name="gettingCurrentAnswer" time="0.050" classname="fourcats.view.CLITest"/>
  <system-out/>
  <testcase name="readingSuggestionAPIInputWithNoAnswer" time="0.136" classname="fourcats.view.CLITest"/>
  <system-out/>
  <testcase name="testAskingGenerateApi" time="0.128" classname="fourcats.view.CLITest"/>
  <system-out/>
  <testcase name="readingSuggestionAPIInput" time="0.129" classname="fourcats.view.CLITest"/>
  <system-out/>
  <testcase name="readingNotGenerateApi" time="0.150" classname="fourcats.view.CLITest"/>
  <system-out/>
  <testcase name="readingAnotherBal" time="0.127" classname="fourcats.view.CLITest"/>
  <system-out/>
  <testcase name="testAskPathApi" time="0.126" classname="fourcats.view.CLITest"/>
  <system-out/>
  <testcase name="testingUpdate" time="0.139" classname="fourcats.view.CLITest"/>
  <system-out/>
  <testcase name="readingBalInput" time="0.129" classname="fourcats.view.CLITest"/>
  <system-out/>
  <testcase name="testingShowOutput" time="0.137" classname="fourcats.view.CLITest"/>
  <system-out/>
  <testcase name="testAskingForSuggestionApi" time="0.131" classname="fourcats.view.CLITest"/>
  <system-out/>
  <testcase name="readingModifyApi" time="0.146" classname="fourcats.view.CLITest"/>
  <system-out/>
  <testcase name="testAskingAnother" time="0.154" classname="fourcats.view.CLITest"/>
  <system-out/>
</testsuite> <!-- fourcats.view.CLITest -->
