<?xml version="1.0" encoding="UTF-8"?>
<!-- Generated by org.testng.reporters.JUnitReportReporter -->
<testsuite skipped="0" hostname="LAPTOP-FKRVQ3CH" name="fourcats.interfaceAdapters.ControllerTest" tests="8" failures="0" timestamp="2020-05-13T20:26:25 CEST" time="0.267" errors="0">
  <testcase name="testModifyPla" time="0.032" classname="fourcats.interfaceAdapters.ControllerTest"/>
  <system-out/>
  <testcase name="createControllerCorrectly" time="0.035" classname="fourcats.interfaceAdapters.ControllerTest"/>
  <system-out/>
  <testcase name="testGenerateApi" time="0.034" classname="fourcats.interfaceAdapters.ControllerTest"/>
  <system-out/>
  <testcase name="testModifyApi" time="0.032" classname="fourcats.interfaceAdapters.ControllerTest"/>
  <system-out/>
  <testcase name="testCreateApiSuggestion" time="0.031" classname="fourcats.interfaceAdapters.ControllerTest"/>
  <system-out/>
  <testcase name="testingModifyApiGui" time="0.034" classname="fourcats.interfaceAdapters.ControllerTest"/>
  <system-out/>
  <testcase name="testingCreatePla" time="0.036" classname="fourcats.interfaceAdapters.ControllerTest"/>
  <system-out/>
  <testcase name="testLoadingPla" time="0.033" classname="fourcats.interfaceAdapters.ControllerTest"/>
  <system-out/>
</testsuite> <!-- fourcats.interfaceAdapters.ControllerTest -->
