<?xml version="1.0" encoding="UTF-8"?>
<!-- Generated by org.testng.reporters.JUnitReportReporter -->
<testsuite skipped="0" hostname="LAPTOP-FKRVQ3CH" name="fourcats.Entity.TypeTest" tests="7" failures="0" timestamp="2020-05-11T18:19:01 CEST" time="0.066" errors="0">
  <testcase name="testConstructorStringAndMapCorrectly" time="0.008" classname="fourcats.Entity.TypeTest"/>
  <system-out/>
  <testcase name="testConstructorStringCorrectly" time="0.010" classname="fourcats.Entity.TypeTest"/>
  <system-out/>
  <testcase name="testGettingAttributesCorrectly" time="0.009" classname="fourcats.Entity.TypeTest"/>
  <system-out/>
  <testcase name="gettingNameCorrectly" time="0.008" classname="fourcats.Entity.TypeTest"/>
  <system-out/>
  <testcase name="testingToStringCorrectly" time="0.010" classname="fourcats.Entity.TypeTest"/>
  <system-out/>
  <testcase name="addingAttributeCorrectly" time="0.011" classname="fourcats.Entity.TypeTest"/>
  <system-out/>
  <testcase name="settingNameCorrectly" time="0.010" classname="fourcats.Entity.TypeTest"/>
  <system-out/>
</testsuite> <!-- fourcats.Entity.TypeTest -->
