<?xml version="1.0" encoding="UTF-8"?>
<!-- Generated by org.testng.reporters.JUnitReportReporter -->
<testsuite skipped="0" hostname="LAPTOP-FKRVQ3CH" name="fourcats.Entity.APITest" tests="2" failures="0" timestamp="2020-05-08T21:26:40 CEST" time="0.540" errors="0">
  <testcase name="testAddApi" time="0.270" classname="fourcats.Entity.APITest"/>
  <system-out/>
  <testcase name="testConstructor" time="0.270" classname="fourcats.Entity.APITest"/>
  <system-out/>
</testsuite> <!-- fourcats.Entity.APITest -->
