<?xml version="1.0" encoding="UTF-8"?>
<!-- Generated by org.testng.reporters.JUnitReportReporter -->
<testsuite skipped="0" hostname="LAPTOP-FKRVQ3CH" name="fourcats.interfaceAdapters.DataPresenterTest" tests="2" failures="0" timestamp="2020-05-08T15:46:26 CEST" time="0.003" errors="0">
  <testcase name="testGetMessageToShow" time="0.002" classname="fourcats.interfaceAdapters.DataPresenterTest"/>
  <system-out/>
  <testcase name="testShowOuput" time="0.001" classname="fourcats.interfaceAdapters.DataPresenterTest"/>
  <system-out/>
</testsuite> <!-- fourcats.interfaceAdapters.DataPresenterTest -->
