<?xml version="1.0" encoding="UTF-8"?>
<!-- Generated by org.testng.reporters.JUnitReportReporter -->
<testsuite skipped="0" hostname="LAPTOP-FKRVQ3CH" name="fourcats.Entity.BALTest" tests="4" failures="0" timestamp="2020-05-05T17:21:45 CEST" time="2.640" errors="0">
  <testcase name="getActors" time="0.663" classname="fourcats.Entity.BALTest"/>
  <system-out/>
  <testcase name="testConstructor" time="0.663" classname="fourcats.Entity.BALTest"/>
  <system-out/>
  <testcase name="testToString" time="0.652" classname="fourcats.Entity.BALTest"/>
  <system-out/>
  <testcase name="tesAddDuplicateUserToBAL" time="0.662" classname="fourcats.Entity.BALTest"/>
  <system-out/>
</testsuite> <!-- fourcats.Entity.BALTest -->
