<?xml version="1.0" encoding="UTF-8"?>
<!-- Generated by org.testng.reporters.JUnitReportReporter -->
<testsuite skipped="0" hostname="LAPTOP-FKRVQ3CH" name="fourcats.frameworks.DataKeeperTest" tests="18" failures="0" timestamp="2020-05-11T18:19:01 CEST" time="0.065" errors="0">
  <testcase name="addingAPIWithIdCorrectlyWithoutDuplicate" time="0.003" classname="fourcats.frameworks.DataKeeperTest"/>
  <system-out/>
  <testcase name="gettingAPIWithId" time="0.004" classname="fourcats.frameworks.DataKeeperTest"/>
  <system-out/>
  <testcase name="removingAPIPresent" time="0.004" classname="fourcats.frameworks.DataKeeperTest"/>
  <system-out/>
  <testcase name="updatingAPIWithSame" time="0.005" classname="fourcats.frameworks.DataKeeperTest"/>
  <system-out/>
  <testcase name="isCoupleBalPlaPresentTest" time="0.004" classname="fourcats.frameworks.DataKeeperTest"/>
  <system-out/>
  <testcase name="gettingAPIMapCorrectly" time="0.005" classname="fourcats.frameworks.DataKeeperTest"/>
  <system-out/>
  <testcase name="createDatakeeperCorrectly" time="0.003" classname="fourcats.frameworks.DataKeeperTest"/>
  <system-out/>
  <testcase name="isAPINotPresentTest" time="0.004" classname="fourcats.frameworks.DataKeeperTest"/>
  <system-out/>
  <testcase name="addCoupleBlaPlaTest" time="0.004" classname="fourcats.frameworks.DataKeeperTest"/>
  <system-out/>
  <testcase name="gettingSizeOfAPIMap" time="0.004" classname="fourcats.frameworks.DataKeeperTest"/>
  <system-out/>
  <testcase name="isAPIPresentTest" time="0.004" classname="fourcats.frameworks.DataKeeperTest"/>
  <system-out/>
  <testcase name="addingAPIWithoutIdCorrectly" time="0.003" classname="fourcats.frameworks.DataKeeperTest"/>
  <system-out/>
  <testcase name="updatingAPICorrectly" time="0.002" classname="fourcats.frameworks.DataKeeperTest"/>
  <system-out/>
  <testcase name="addCoupleBlaPlaTestWithSameBal" time="0.005" classname="fourcats.frameworks.DataKeeperTest"/>
  <system-out/>
  <testcase name="removingAPINotPresent" time="0.002" classname="fourcats.frameworks.DataKeeperTest"/>
  <system-out/>
  <testcase name="isClassNamePresentTest" time="0.004" classname="fourcats.frameworks.DataKeeperTest"/>
  <system-out/>
  <testcase name="isCoupleBalPlaNOTPresentTest" time="0.003" classname="fourcats.frameworks.DataKeeperTest"/>
  <system-out/>
  <testcase name="isClassNameNotPresentTest" time="0.002" classname="fourcats.frameworks.DataKeeperTest"/>
  <system-out/>
</testsuite> <!-- fourcats.frameworks.DataKeeperTest -->
