<?xml version="1.0" encoding="UTF-8"?>
<!-- Generated by org.testng.reporters.JUnitReportReporter -->
<testsuite skipped="0" hostname="LAPTOP-FKRVQ3CH" name="fourcats.Entity.ActorTest" tests="7" failures="0" timestamp="2020-05-13T21:12:47 CEST" time="0.006" errors="0">
  <testcase name="testActorWithNameCorrectlyCreate" time="0.001" classname="fourcats.Entity.ActorTest"/>
  <system-out/>
  <testcase name="testRequestActionByName" time="0.000" classname="fourcats.Entity.ActorTest"/>
  <system-out/>
  <testcase name="testAddingOneActionCorrectly" time="0.001" classname="fourcats.Entity.ActorTest"/>
  <system-out/>
  <testcase name="testActorToString" time="0.001" classname="fourcats.Entity.ActorTest"/>
  <system-out/>
  <testcase name="testAddingMoreActionCorrectly" time="0.001" classname="fourcats.Entity.ActorTest"/>
  <system-out/>
  <testcase name="testSettingNameOfActor" time="0.001" classname="fourcats.Entity.ActorTest"/>
  <system-out/>
  <testcase name="testActorEmptyCorrectlyCreate" time="0.001" classname="fourcats.Entity.ActorTest"/>
  <system-out/>
</testsuite> <!-- fourcats.Entity.ActorTest -->
