<?xml version="1.0" encoding="UTF-8"?>
<!-- Generated by org.testng.reporters.JUnitReportReporter -->
<testsuite skipped="0" hostname="LAPTOP-FKRVQ3CH" name="fourcats.Entity.ActionTest" tests="8" failures="0" timestamp="2020-05-05T17:21:45 CEST" time="0.132" errors="0">
  <testcase name="createActionWithNameAndNullType" time="0.016" classname="fourcats.Entity.ActionTest"/>
  <system-out/>
  <testcase name="addObjectParamCorrectly" time="0.017" classname="fourcats.Entity.ActionTest"/>
  <system-out/>
  <testcase name="toStringActionWithTwoParametersCorrectly" time="0.017" classname="fourcats.Entity.ActionTest"/>
  <system-out/>
  <testcase name="testGettingNameCorrectly" time="0.017" classname="fourcats.Entity.ActionTest"/>
  <system-out/>
  <testcase name="createActionWithNameAndType" time="0.016" classname="fourcats.Entity.ActionTest"/>
  <system-out/>
  <testcase name="toStringActionCorrectly" time="0.016" classname="fourcats.Entity.ActionTest"/>
  <system-out/>
  <testcase name="testGettingTypeNameCorrectly" time="0.016" classname="fourcats.Entity.ActionTest"/>
  <system-out/>
  <testcase name="testAddObjectName" time="0.017" classname="fourcats.Entity.ActionTest"/>
  <system-out/>
</testsuite> <!-- fourcats.Entity.ActionTest -->
