<?xml version="1.0" encoding="UTF-8"?>
<!-- Generated by org.testng.reporters.JUnitReportReporter -->
<testsuite hostname="Air-di-Edoardo.homenet.telecomitalia.it" failures="0" tests="1" name="fourcats.usecaseinteractor.SuggestApiTest" time="0.844" errors="0" timestamp="2020-04-13T13:00:38 CEST" skipped="0">
  <testcase classname="fourcats.usecaseinteractor.SuggestApiTest" name="SuggestAPITestCreationFromWrongInput" time="0.844"/>
  <system-out/>
</testsuite> <!-- fourcats.usecaseinteractor.SuggestApiTest -->
