<?xml version="1.0" encoding="UTF-8"?>
<testsuite xmlns:xsi="http://www.w3.org/2001/XMLSchema-instance" xsi:noNamespaceSchemaLocation="https://maven.apache.org/surefire/maven-surefire-plugin/xsd/surefire-test-report.xsd" name="TestSuite" time="1.74" tests="3" errors="0" skipped="0" failures="0">
  <properties>
    <property name="java.specification.version" value="13"/>
    <property name="sun.jnu.encoding" value="UTF-8"/>
    <property name="java.class.path" value="/Users/EdoardoTinto/Desktop/NaturalAPI/NaturalAPI_Develop/target/test-classes:/Users/EdoardoTinto/Desktop/NaturalAPI/NaturalAPI_Develop/target/classes:/Users/EdoardoTinto/.m2/repository/junit/junit/4.12/junit-4.12.jar:/Users/EdoardoTinto/.m2/repository/org/hamcrest/hamcrest-core/1.3/hamcrest-core-1.3.jar:/Users/EdoardoTinto/.m2/repository/org/mockito/mockito-core/2.23.4/mockito-core-2.23.4.jar:/Users/EdoardoTinto/.m2/repository/net/bytebuddy/byte-buddy/1.9.3/byte-buddy-1.9.3.jar:/Users/EdoardoTinto/.m2/repository/net/bytebuddy/byte-buddy-agent/1.9.3/byte-buddy-agent-1.9.3.jar:/Users/EdoardoTinto/.m2/repository/org/objenesis/objenesis/2.6/objenesis-2.6.jar:/Users/EdoardoTinto/.m2/repository/com/fasterxml/jackson/core/jackson-databind/2.7.6/jackson-databind-2.7.6.jar:/Users/EdoardoTinto/.m2/repository/com/fasterxml/jackson/core/jackson-annotations/2.7.0/jackson-annotations-2.7.0.jar:/Users/EdoardoTinto/.m2/repository/com/fasterxml/jackson/core/jackson-core/2.7.6/jackson-core-2.7.6.jar:/Users/EdoardoTinto/.m2/repository/org/testng/testng/7.1.0/testng-7.1.0.jar:/Users/EdoardoTinto/.m2/repository/com/beust/jcommander/1.72/jcommander-1.72.jar:/Users/EdoardoTinto/.m2/repository/com/google/inject/guice/4.1.0/guice-4.1.0-no_aop.jar:/Users/EdoardoTinto/.m2/repository/javax/inject/javax.inject/1/javax.inject-1.jar:/Users/EdoardoTinto/.m2/repository/aopalliance/aopalliance/1.0/aopalliance-1.0.jar:/Users/EdoardoTinto/.m2/repository/com/google/guava/guava/19.0/guava-19.0.jar:/Users/EdoardoTinto/.m2/repository/org/yaml/snakeyaml/1.21/snakeyaml-1.21.jar:"/>
    <property name="java.vm.vendor" value="Oracle Corporation"/>
    <property name="sun.arch.data.model" value="64"/>
    <property name="java.vendor.url" value="https://java.oracle.com/"/>
    <property name="os.name" value="Mac OS X"/>
    <property name="java.vm.specification.version" value="13"/>
    <property name="sun.java.launcher" value="SUN_STANDARD"/>
    <property name="user.country" value="IT"/>
    <property name="sun.boot.library.path" value="/Library/Java/JavaVirtualMachines/jdk-13.jdk/Contents/Home/lib"/>
    <property name="sun.java.command" value="/Users/EdoardoTinto/Desktop/NaturalAPI/NaturalAPI_Develop/target/surefire/surefirebooter9397528771965309244.jar /Users/EdoardoTinto/Desktop/NaturalAPI/NaturalAPI_Develop/target/surefire 2020-04-13T13-00-35_495-jvmRun1 surefire17300246263431588051tmp surefire_010101797625169815666tmp"/>
    <property name="jdk.debug" value="release"/>
    <property name="surefire.test.class.path" value="/Users/EdoardoTinto/Desktop/NaturalAPI/NaturalAPI_Develop/target/test-classes:/Users/EdoardoTinto/Desktop/NaturalAPI/NaturalAPI_Develop/target/classes:/Users/EdoardoTinto/.m2/repository/junit/junit/4.12/junit-4.12.jar:/Users/EdoardoTinto/.m2/repository/org/hamcrest/hamcrest-core/1.3/hamcrest-core-1.3.jar:/Users/EdoardoTinto/.m2/repository/org/mockito/mockito-core/2.23.4/mockito-core-2.23.4.jar:/Users/EdoardoTinto/.m2/repository/net/bytebuddy/byte-buddy/1.9.3/byte-buddy-1.9.3.jar:/Users/EdoardoTinto/.m2/repository/net/bytebuddy/byte-buddy-agent/1.9.3/byte-buddy-agent-1.9.3.jar:/Users/EdoardoTinto/.m2/repository/org/objenesis/objenesis/2.6/objenesis-2.6.jar:/Users/EdoardoTinto/.m2/repository/com/fasterxml/jackson/core/jackson-databind/2.7.6/jackson-databind-2.7.6.jar:/Users/EdoardoTinto/.m2/repository/com/fasterxml/jackson/core/jackson-annotations/2.7.0/jackson-annotations-2.7.0.jar:/Users/EdoardoTinto/.m2/repository/com/fasterxml/jackson/core/jackson-core/2.7.6/jackson-core-2.7.6.jar:/Users/EdoardoTinto/.m2/repository/org/testng/testng/7.1.0/testng-7.1.0.jar:/Users/EdoardoTinto/.m2/repository/com/beust/jcommander/1.72/jcommander-1.72.jar:/Users/EdoardoTinto/.m2/repository/com/google/inject/guice/4.1.0/guice-4.1.0-no_aop.jar:/Users/EdoardoTinto/.m2/repository/javax/inject/javax.inject/1/javax.inject-1.jar:/Users/EdoardoTinto/.m2/repository/aopalliance/aopalliance/1.0/aopalliance-1.0.jar:/Users/EdoardoTinto/.m2/repository/com/google/guava/guava/19.0/guava-19.0.jar:/Users/EdoardoTinto/.m2/repository/org/yaml/snakeyaml/1.21/snakeyaml-1.21.jar:"/>
    <property name="sun.cpu.endian" value="little"/>
    <property name="user.home" value="/Users/EdoardoTinto"/>
    <property name="user.language" value="it"/>
    <property name="java.specification.vendor" value="Oracle Corporation"/>
    <property name="java.version.date" value="2019-09-17"/>
    <property name="java.home" value="/Library/Java/JavaVirtualMachines/jdk-13.jdk/Contents/Home"/>
    <property name="file.separator" value="/"/>
    <property name="basedir" value="/Users/EdoardoTinto/Desktop/NaturalAPI/NaturalAPI_Develop"/>
    <property name="java.vm.compressedOopsMode" value="Zero based"/>
    <property name="line.separator" value="&#10;"/>
    <property name="java.vm.specification.vendor" value="Oracle Corporation"/>
    <property name="java.specification.name" value="Java Platform API Specification"/>
    <property name="surefire.real.class.path" value="/Users/EdoardoTinto/Desktop/NaturalAPI/NaturalAPI_Develop/target/surefire/surefirebooter9397528771965309244.jar"/>
    <property name="sun.management.compiler" value="HotSpot 64-Bit Tiered Compilers"/>
    <property name="java.runtime.version" value="13+33"/>
    <property name="user.name" value="EdoardoTinto"/>
    <property name="path.separator" value=":"/>
    <property name="os.version" value="10.15.1"/>
    <property name="java.runtime.name" value="Java(TM) SE Runtime Environment"/>
    <property name="file.encoding" value="UTF-8"/>
    <property name="java.vm.name" value="Java HotSpot(TM) 64-Bit Server VM"/>
    <property name="localRepository" value="/Users/EdoardoTinto/.m2/repository"/>
    <property name="java.vendor.url.bug" value="https://bugreport.java.com/bugreport/"/>
    <property name="java.io.tmpdir" value="/var/folders/_y/jrfrs7fd3hsgxqry0wz1dxfh0000gq/T/"/>
    <property name="java.version" value="13"/>
    <property name="user.dir" value="/Users/EdoardoTinto/Desktop/NaturalAPI/NaturalAPI_Develop"/>
    <property name="os.arch" value="x86_64"/>
    <property name="java.vm.specification.name" value="Java Virtual Machine Specification"/>
    <property name="idea.version2019.3.4" value="true"/>
    <property name="java.library.path" value="/Users/EdoardoTinto/Library/Java/Extensions:/Library/Java/Extensions:/Network/Library/Java/Extensions:/System/Library/Java/Extensions:/usr/lib/java:."/>
    <property name="java.vm.info" value="mixed mode, sharing"/>
    <property name="java.vendor" value="Oracle Corporation"/>
    <property name="java.vm.version" value="13+33"/>
    <property name="sun.io.unicode.encoding" value="UnicodeBig"/>
    <property name="java.class.version" value="57.0"/>
  </properties>
  <testcase name="SuggestAPITestCreationFromWrongInput on SuggestAPITestCreationFromWrongInput(fourcats.usecaseinteractor.SuggestApiTest)" classname="fourcats.usecaseinteractor.SuggestApiTest" time="0.061"/>
  <testcase name="ModifyAPITestFromWrongInput on ModifyAPITestFromWrongInput(fourcats.usecaseinteractor.ModifyApiTest)" classname="fourcats.usecaseinteractor.ModifyApiTest" time="0.001"/>
  <testcase name="GenerateAPITestCorrectCreation on GenerateAPITestCorrectCreation(fourcats.usecaseinteractor.GenerateApiTest)" classname="fourcats.usecaseinteractor.GenerateApiTest" time="0.002"/>
</testsuite>